TN:
SF:/home/arvind/TestGeneration/test.js
FNF:0
FNH:0
DA:1,1
DA:2,1
DA:3,1
DA:4,1
DA:5,1
DA:6,1
DA:7,1
DA:8,1
DA:9,1
DA:10,1
DA:11,1
DA:12,1
DA:13,1
DA:14,1
DA:15,1
DA:16,1
DA:17,1
DA:18,1
DA:19,1
DA:20,1
DA:21,1
DA:22,1
DA:23,1
DA:24,1
DA:25,1
DA:26,1
DA:27,1
DA:28,1
DA:29,1
DA:30,1
DA:31,1
DA:32,1
DA:33,1
DA:34,1
DA:35,1
DA:36,1
DA:37,1
DA:38,1
DA:39,1
DA:40,1
DA:41,1
DA:42,1
DA:43,1
DA:44,1
LF:44
LH:44
BRF:0
BRH:0
end_of_record
TN:
SF:/home/arvind/TestGeneration/subject.js
FN:3,inc
FN:12,weird
FN:40,fileTest
FN:64,normalize
FN:73,format
FN:88,blackListNumber
FNF:6
FNH:6
FNDA:6,inc
FNDA:6,weird
FNDA:4,fileTest
FNDA:18,normalize
FNDA:12,format
FNDA:6,blackListNumber
DA:1,1
DA:3,1
DA:4,6
DA:5,6
DA:7,2
DA:9,6
DA:12,1
DA:14,6
DA:16,2
DA:18,4
DA:20,2
DA:22,1
DA:24,1
DA:26,0
DA:31,2
DA:33,1
DA:36,4
DA:40,1
DA:42,4
DA:44,2
DA:47,2
DA:48,2
DA:50,2
DA:53,0
DA:55,0
DA:56,0
DA:58,0
DA:60,0
DA:64,1
DA:66,18
DA:73,1
DA:76,12
DA:77,12
DA:80,12
DA:81,96
DA:84,12
DA:88,1
DA:90,6
DA:91,6
DA:92,6
DA:94,0
DA:96,6
DA:99,1
DA:100,1
DA:101,1
DA:102,1
DA:103,1
DA:104,1
LF:48
LH:41
BRDA:4,1,0,3
BRDA:4,1,1,3
BRDA:5,2,0,2
BRDA:5,2,1,4
BRDA:14,3,0,2
BRDA:14,3,1,4
BRDA:14,4,0,6
BRDA:14,4,1,4
BRDA:18,5,0,2
BRDA:18,5,1,2
BRDA:20,6,0,1
BRDA:20,6,1,1
BRDA:24,7,0,0
BRDA:24,7,1,1
BRDA:31,8,0,1
BRDA:31,8,1,1
BRDA:42,9,0,2
BRDA:42,9,1,2
BRDA:48,10,0,2
BRDA:48,10,1,0
BRDA:53,11,0,0
BRDA:53,11,1,0
BRDA:56,12,0,0
BRDA:56,12,1,0
BRDA:76,13,0,12
BRDA:76,13,1,0
BRDA:76,14,0,12
BRDA:76,14,1,6
BRDA:92,15,0,0
BRDA:92,15,1,6
BRF:30
BRH:22
end_of_record
